<?xml version="1.0" encoding="UTF-8"?>
<!-- Generated by org.testng.reporters.JUnitReportReporter -->
<testsuite hostname="ritzgupta" name="org.testing.TestScripts.PatchRequestTC" tests="1" failures="0" timestamp="8 Aug 2020 19:48:04 GMT" time="0.028" errors="0">
  <testcase name="TC6" time="0.028" classname="org.testing.TestScripts.PatchRequestTC"/>
</testsuite> <!-- org.testing.TestScripts.PatchRequestTC -->
