<?xml version="1.0" encoding="UTF-8"?>
<!-- Generated by org.testng.reporters.JUnitReportReporter -->
<testsuite hostname="ritzgupta" name="org.testing.TestScripts.PostRequestTC" tests="1" failures="0" timestamp="8 Aug 2020 19:48:04 GMT" time="0.626" errors="0">
  <testcase name="tc1" time="0.626" classname="org.testing.TestScripts.PostRequestTC"/>
</testsuite> <!-- org.testing.TestScripts.PostRequestTC -->
