<?xml version="1.0" encoding="UTF-8"?>
<!-- Generated by org.testng.reporters.JUnitReportReporter -->
<testsuite hostname="ritzgupta" name="org.testing.TestScripts.DeleteRequestTC" tests="1" failures="0" timestamp="8 Aug 2020 19:48:04 GMT" time="0.041" errors="0">
  <testcase name="TC5" time="0.041" classname="org.testing.TestScripts.DeleteRequestTC"/>
</testsuite> <!-- org.testing.TestScripts.DeleteRequestTC -->
