<?xml version="1.0" encoding="UTF-8"?>
<!-- Generated by org.testng.reporters.JUnitReportReporter -->
<testsuite hostname="ritzgupta" name="org.testng.Runner.RunnerClass" tests="1" failures="0" timestamp="8 Aug 2020 19:48:04 GMT" time="0.193" errors="0">
  <testcase name="run" time="0.193" classname="org.testng.Runner.RunnerClass"/>
</testsuite> <!-- org.testng.Runner.RunnerClass -->
