<?xml version="1.0" encoding="UTF-8"?>
<!-- Generated by org.testng.reporters.JUnitReportReporter -->
<testsuite hostname="ritzgupta" name="org.testing.TestScripts.GetRequestWithQueryParameter" tests="1" failures="0" timestamp="8 Aug 2020 19:48:04 GMT" time="1.891" errors="0">
  <testcase name="tc3" time="1.891" classname="org.testing.TestScripts.GetRequestWithQueryParameter"/>
</testsuite> <!-- org.testing.TestScripts.GetRequestWithQueryParameter -->
