<?xml version="1.0" encoding="UTF-8"?>
<!-- Generated by org.testng.reporters.JUnitReportReporter -->
<testsuite hostname="ritzgupta" name="org.testing.TestScripts.GetRequestTC" tests="1" failures="0" timestamp="8 Aug 2020 19:48:04 GMT" time="0.026" errors="0">
  <testcase name="tc2" time="0.026" classname="org.testing.TestScripts.GetRequestTC"/>
</testsuite> <!-- org.testing.TestScripts.GetRequestTC -->
